\BOOKMARK [0][-]{chapter*.1}{Wstep}{}% 1
\BOOKMARK [1][-]{section.0.1}{Za\233acznik}{chapter*.1}% 2
\BOOKMARK [0][-]{chapter.1}{Dystrybucje Linuxa na system Android}{}% 3
\BOOKMARK [1][-]{section.1.1}{Procesory - Architektura ARM}{chapter.1}% 4
\BOOKMARK [1][-]{section.1.2}{Emulacja}{chapter.1}% 5
\BOOKMARK [1][-]{section.1.3}{Emulacja Debiana przeznaczonego na architekture ARM}{chapter.1}% 6
\BOOKMARK [1][-]{section.1.4}{Narzedzia linuksowe do tworzenia odseparowanego systemu plik\363w}{chapter.1}% 7
\BOOKMARK [1][-]{section.1.5}{Uruchomienie dystrybucji Linuxa na telefonie z systemem Android}{chapter.1}% 8
\BOOKMARK [1][-]{section.1.6}{Komunikacja z wykorzystaniem protoko\233u VNC}{chapter.1}% 9
\BOOKMARK [1][-]{section.1.7}{Debian - historia}{chapter.1}% 10
\BOOKMARK [2][-]{subsection.1.7.1}{Pakiety}{section.1.7}% 11
\BOOKMARK [2][-]{subsection.1.7.2}{Instalacja pakiet\363w}{section.1.7}% 12
\BOOKMARK [2][-]{subsection.1.7.3}{APT jako narzedzie do pobierania i instalacji pakiet\363w}{section.1.7}% 13
\BOOKMARK [2][-]{subsection.1.7.4}{Debootstrap}{section.1.7}% 14
\BOOKMARK [2][-]{subsection.1.7.5}{Deboostrap - instalacja dystrybucji}{section.1.7}% 15
\BOOKMARK [0][-]{chapter.2}{Protok\363\233 SIP}{}% 16
\BOOKMARK [1][-]{section.2.1}{Elementy sieci SIP}{chapter.2}% 17
\BOOKMARK [1][-]{section.2.2}{Dzia\233anie protoko\233u SIP}{chapter.2}% 18
\BOOKMARK [1][-]{section.2.3}{Implementacje protoko\233u SIP w systemie Linux - serwery}{chapter.2}% 19
\BOOKMARK [2][-]{subsection.2.3.1}{miniSipServer}{section.2.3}% 20
\BOOKMARK [2][-]{subsection.2.3.2}{Asterisk}{section.2.3}% 21
\BOOKMARK [2][-]{subsection.2.3.3}{Cipango}{section.2.3}% 22
\BOOKMARK [2][-]{subsection.2.3.4}{Elastix}{section.2.3}% 23
\BOOKMARK [2][-]{subsection.2.3.5}{FreeSWITCH}{section.2.3}% 24
\BOOKMARK [2][-]{subsection.2.3.6}{Kamailio}{section.2.3}% 25
\BOOKMARK [2][-]{subsection.2.3.7}{Inne serwery SIP}{section.2.3}% 26
\BOOKMARK [1][-]{section.2.4}{Implementacje protoko\233u SIP w systemie Android - serwery}{chapter.2}% 27
\BOOKMARK [2][-]{subsection.2.4.1}{uSipServer}{section.2.4}% 28
\BOOKMARK [1][-]{section.2.5}{Implementacje protoko\233u SIP w systemie Linux - klienty}{chapter.2}% 29
\BOOKMARK [2][-]{subsection.2.5.1}{Blink}{section.2.5}% 30
\BOOKMARK [2][-]{subsection.2.5.2}{KPhone}{section.2.5}% 31
\BOOKMARK [2][-]{subsection.2.5.3}{Linphone}{section.2.5}% 32
\BOOKMARK [2][-]{subsection.2.5.4}{Zoiper}{section.2.5}% 33
\BOOKMARK [2][-]{subsection.2.5.5}{Inne klienty SIP}{section.2.5}% 34
\BOOKMARK [1][-]{section.2.6}{Implementacje protoko\233u SIP w systemie Android - klienty}{chapter.2}% 35
\BOOKMARK [2][-]{subsection.2.6.1}{Konfiguracja natywnego klienta SIP}{section.2.6}% 36
\BOOKMARK [2][-]{subsection.2.6.2}{Sipdroid}{section.2.6}% 37
\BOOKMARK [2][-]{subsection.2.6.3}{CSipSimple}{section.2.6}% 38
\BOOKMARK [2][-]{subsection.2.6.4}{Bria VoIP Softphone}{section.2.6}% 39
\BOOKMARK [1][-]{section.2.7}{Rynek telefonii SIP}{chapter.2}% 40
\BOOKMARK [0][-]{chapter.3}{Projekt informatyczny AndroidLinuxSIPService}{}% 41
\BOOKMARK [1][-]{section.3.1}{Narzedzia programistyczne uzyte do realizacji}{chapter.3}% 42
\BOOKMARK [2][-]{subsection.3.1.1}{Przygotowanie dystrybucji}{section.3.1}% 43
\BOOKMARK [2][-]{subsection.3.1.2}{Przygotowanie skryptu}{section.3.1}% 44
\BOOKMARK [2][-]{subsection.3.1.3}{Wyb\363r serwera SIP}{section.3.1}% 45
\BOOKMARK [2][-]{subsection.3.1.4}{Przygotowanie aplikacji na system Android}{section.3.1}% 46
\BOOKMARK [1][-]{section.3.2}{Kod zr\363d\233owy aplikacji i jej dzia\233anie}{chapter.3}% 47
\BOOKMARK [2][-]{subsection.3.2.1}{Struktura klas aplikacji}{section.3.2}% 48
\BOOKMARK [2][-]{subsection.3.2.2}{Interfejs aplikacji}{section.3.2}% 49
\BOOKMARK [2][-]{subsection.3.2.3}{Interfejs webowy serwera miniSipSerwer}{section.3.2}% 50
\BOOKMARK [0][-]{chapter*.4}{Zakonczenie}{}% 51
\BOOKMARK [1][-]{section*.5}{Spis rysunk\363w}{chapter*.4}% 52
