This is pdfTeX, Version 3.1415926-2.5-1.40.14 (MiKTeX 2.9 64-bit) (preloaded format=pdflatex 2016.4.26)  29 JUN 2016 11:05
entering extended mode
**licencjat.tex
("C:\LICENCJAT\Licencjat Latex\licencjat.tex"
LaTeX2e <2011/06/27>
Babel <v3.8m> and hyphenation patterns for english, afrikaans, ancientgreek, ar
abic, armenian, assamese, basque, bengali, bokmal, bulgarian, catalan, coptic, 
croatian, czech, danish, dutch, esperanto, estonian, farsi, finnish, french, ga
lician, german, german-x-2013-05-26, greek, gujarati, hindi, hungarian, iceland
ic, indonesian, interlingua, irish, italian, kannada, kurmanji, latin, latvian,
 lithuanian, malayalam, marathi, mongolian, mongolianlmc, monogreek, ngerman, n
german-x-2013-05-26, nynorsk, oriya, panjabi, pinyin, polish, portuguese, roman
ian, russian, sanskrit, serbian, slovak, slovenian, spanish, swedish, swissgerm
an, tamil, telugu, turkish, turkmen, ukenglish, ukrainian, uppersorbian, usengl
ishmax, welsh, loaded.
("C:\Program Files\MiKTeX 2.9\tex\latex\base\book.cls"
Document Class: book 2007/10/19 v1.4h Standard LaTeX document class
("C:\Program Files\MiKTeX 2.9\tex\latex\base\bk12.clo"
File: bk12.clo 2007/10/19 v1.4h Standard LaTeX file (size option)
)
\c@part=\count79
\c@chapter=\count80
\c@section=\count81
\c@subsection=\count82
\c@subsubsection=\count83
\c@paragraph=\count84
\c@subparagraph=\count85
\c@figure=\count86
\c@table=\count87
\abovecaptionskip=\skip41
\belowcaptionskip=\skip42
\bibindent=\dimen102
)
("C:\LICENCJAT\Licencjat Latex\licencjat.sty"
Package: licencjat 

("C:\Program Files\MiKTeX 2.9\tex\latex\graphics\graphicx.sty"
Package: graphicx 1999/02/16 v1.0f Enhanced LaTeX Graphics (DPC,SPQR)

("C:\Program Files\MiKTeX 2.9\tex\latex\graphics\keyval.sty"
Package: keyval 1999/03/16 v1.13 key=value parser (DPC)
\KV@toks@=\toks14
)
("C:\Program Files\MiKTeX 2.9\tex\latex\graphics\graphics.sty"
Package: graphics 2009/02/05 v1.0o Standard LaTeX Graphics (DPC,SPQR)

("C:\Program Files\MiKTeX 2.9\tex\latex\graphics\trig.sty"
Package: trig 1999/03/16 v1.09 sin cos tan (DPC)
)
("C:\Program Files\MiKTeX 2.9\tex\latex\00miktex\graphics.cfg"
File: graphics.cfg 2007/01/18 v1.5 graphics configuration of teTeX/TeXLive
)
Package graphics Info: Driver file: pdftex.def on input line 91.

("C:\Program Files\MiKTeX 2.9\tex\latex\pdftex-def\pdftex.def"
File: pdftex.def 2011/05/27 v0.06d Graphics/color for pdfTeX

("C:\Program Files\MiKTeX 2.9\tex\generic\oberdiek\infwarerr.sty"
Package: infwarerr 2010/04/08 v1.3 Providing info/warning/error messages (HO)
)
("C:\Program Files\MiKTeX 2.9\tex\generic\oberdiek\ltxcmds.sty"
Package: ltxcmds 2011/11/09 v1.22 LaTeX kernel commands for general use (HO)
)
\Gread@gobject=\count88
))
\Gin@req@height=\dimen103
\Gin@req@width=\dimen104
)
\imgHeight=\skip43
\maxImageHeight=\skip44
\imgWidth=\skip45
\maxImageWidth=\skip46
\boxcontents=\box26
)
("C:\Program Files\MiKTeX 2.9\tex\latex\emptypage\emptypage.sty"
Package: emptypage 2010/05/30 v1.2 Suppress page numbers and headings on empty 
pages
)
("C:\Program Files\MiKTeX 2.9\tex\latex\float\float.sty"
Package: float 2001/11/08 v1.3d Float enhancements (AL)
\c@float@type=\count89
\float@exts=\toks15
\float@box=\box27
\@float@everytoks=\toks16
\@floatcapt=\box28
)
("C:\Program Files\MiKTeX 2.9\tex\latex\listings\listings.sty"
\lst@mode=\count90
\lst@gtempboxa=\box29
\lst@token=\toks17
\lst@length=\count91
\lst@currlwidth=\dimen105
\lst@column=\count92
\lst@pos=\count93
\lst@lostspace=\dimen106
\lst@width=\dimen107
\lst@newlines=\count94
\lst@lineno=\count95
\lst@maxwidth=\dimen108

("C:\Program Files\MiKTeX 2.9\tex\latex\listings\lstmisc.sty"
File: lstmisc.sty 2013/08/26 1.5b (Carsten Heinz)
\c@lstnumber=\count96
\lst@skipnumbers=\count97
\lst@framebox=\box30
)
("C:\Program Files\MiKTeX 2.9\tex\latex\listings\listings.cfg"
File: listings.cfg 2013/08/26 1.5b listings configuration
))
Package: listings 2013/08/26 1.5b (Carsten Heinz)

("C:\Program Files\MiKTeX 2.9\tex\latex\base\inputenc.sty"
Package: inputenc 2008/03/30 v1.1d Input encoding file
\inpenc@prehook=\toks18
\inpenc@posthook=\toks19

("C:\Program Files\MiKTeX 2.9\tex\latex\base\utf8.def"
File: utf8.def 2008/04/05 v1.1m UTF-8 support for inputenc
Now handling font encoding OML ...
... no UTF-8 mapping file for font encoding OML
Now handling font encoding T1 ...
... processing UTF-8 mapping file for font encoding T1

("C:\Program Files\MiKTeX 2.9\tex\latex\base\t1enc.dfu"
File: t1enc.dfu 2008/04/05 v1.1m UTF-8 support for inputenc
   defining Unicode char U+00A1 (decimal 161)
   defining Unicode char U+00A3 (decimal 163)
   defining Unicode char U+00AB (decimal 171)
   defining Unicode char U+00BB (decimal 187)
   defining Unicode char U+00BF (decimal 191)
   defining Unicode char U+00C0 (decimal 192)
   defining Unicode char U+00C1 (decimal 193)
   defining Unicode char U+00C2 (decimal 194)
   defining Unicode char U+00C3 (decimal 195)
   defining Unicode char U+00C4 (decimal 196)
   defining Unicode char U+00C5 (decimal 197)
   defining Unicode char U+00C6 (decimal 198)
   defining Unicode char U+00C7 (decimal 199)
   defining Unicode char U+00C8 (decimal 200)
   defining Unicode char U+00C9 (decimal 201)
   defining Unicode char U+00CA (decimal 202)
   defining Unicode char U+00CB (decimal 203)
   defining Unicode char U+00CC (decimal 204)
   defining Unicode char U+00CD (decimal 205)
   defining Unicode char U+00CE (decimal 206)
   defining Unicode char U+00CF (decimal 207)
   defining Unicode char U+00D0 (decimal 208)
   defining Unicode char U+00D1 (decimal 209)
   defining Unicode char U+00D2 (decimal 210)
   defining Unicode char U+00D3 (decimal 211)
   defining Unicode char U+00D4 (decimal 212)
   defining Unicode char U+00D5 (decimal 213)
   defining Unicode char U+00D6 (decimal 214)
   defining Unicode char U+00D8 (decimal 216)
   defining Unicode char U+00D9 (decimal 217)
   defining Unicode char U+00DA (decimal 218)
   defining Unicode char U+00DB (decimal 219)
   defining Unicode char U+00DC (decimal 220)
   defining Unicode char U+00DD (decimal 221)
   defining Unicode char U+00DE (decimal 222)
   defining Unicode char U+00DF (decimal 223)
   defining Unicode char U+00E0 (decimal 224)
   defining Unicode char U+00E1 (decimal 225)
   defining Unicode char U+00E2 (decimal 226)
   defining Unicode char U+00E3 (decimal 227)
   defining Unicode char U+00E4 (decimal 228)
   defining Unicode char U+00E5 (decimal 229)
   defining Unicode char U+00E6 (decimal 230)
   defining Unicode char U+00E7 (decimal 231)
   defining Unicode char U+00E8 (decimal 232)
   defining Unicode char U+00E9 (decimal 233)
   defining Unicode char U+00EA (decimal 234)
   defining Unicode char U+00EB (decimal 235)
   defining Unicode char U+00EC (decimal 236)
   defining Unicode char U+00ED (decimal 237)
   defining Unicode char U+00EE (decimal 238)
   defining Unicode char U+00EF (decimal 239)
   defining Unicode char U+00F0 (decimal 240)
   defining Unicode char U+00F1 (decimal 241)
   defining Unicode char U+00F2 (decimal 242)
   defining Unicode char U+00F3 (decimal 243)
   defining Unicode char U+00F4 (decimal 244)
   defining Unicode char U+00F5 (decimal 245)
   defining Unicode char U+00F6 (decimal 246)
   defining Unicode char U+00F8 (decimal 248)
   defining Unicode char U+00F9 (decimal 249)
   defining Unicode char U+00FA (decimal 250)
   defining Unicode char U+00FB (decimal 251)
   defining Unicode char U+00FC (decimal 252)
   defining Unicode char U+00FD (decimal 253)
   defining Unicode char U+00FE (decimal 254)
   defining Unicode char U+00FF (decimal 255)
   defining Unicode char U+0102 (decimal 258)
   defining Unicode char U+0103 (decimal 259)
   defining Unicode char U+0104 (decimal 260)
   defining Unicode char U+0105 (decimal 261)
   defining Unicode char U+0106 (decimal 262)
   defining Unicode char U+0107 (decimal 263)
   defining Unicode char U+010C (decimal 268)
   defining Unicode char U+010D (decimal 269)
   defining Unicode char U+010E (decimal 270)
   defining Unicode char U+010F (decimal 271)
   defining Unicode char U+0110 (decimal 272)
   defining Unicode char U+0111 (decimal 273)
   defining Unicode char U+0118 (decimal 280)
   defining Unicode char U+0119 (decimal 281)
   defining Unicode char U+011A (decimal 282)
   defining Unicode char U+011B (decimal 283)
   defining Unicode char U+011E (decimal 286)
   defining Unicode char U+011F (decimal 287)
   defining Unicode char U+0130 (decimal 304)
   defining Unicode char U+0131 (decimal 305)
   defining Unicode char U+0132 (decimal 306)
   defining Unicode char U+0133 (decimal 307)
   defining Unicode char U+0139 (decimal 313)
   defining Unicode char U+013A (decimal 314)
   defining Unicode char U+013D (decimal 317)
   defining Unicode char U+013E (decimal 318)
   defining Unicode char U+0141 (decimal 321)
   defining Unicode char U+0142 (decimal 322)
   defining Unicode char U+0143 (decimal 323)
   defining Unicode char U+0144 (decimal 324)
   defining Unicode char U+0147 (decimal 327)
   defining Unicode char U+0148 (decimal 328)
   defining Unicode char U+014A (decimal 330)
   defining Unicode char U+014B (decimal 331)
   defining Unicode char U+0150 (decimal 336)
   defining Unicode char U+0151 (decimal 337)
   defining Unicode char U+0152 (decimal 338)
   defining Unicode char U+0153 (decimal 339)
   defining Unicode char U+0154 (decimal 340)
   defining Unicode char U+0155 (decimal 341)
   defining Unicode char U+0158 (decimal 344)
   defining Unicode char U+0159 (decimal 345)
   defining Unicode char U+015A (decimal 346)
   defining Unicode char U+015B (decimal 347)
   defining Unicode char U+015E (decimal 350)
   defining Unicode char U+015F (decimal 351)
   defining Unicode char U+0160 (decimal 352)
   defining Unicode char U+0161 (decimal 353)
   defining Unicode char U+0162 (decimal 354)
   defining Unicode char U+0163 (decimal 355)
   defining Unicode char U+0164 (decimal 356)
   defining Unicode char U+0165 (decimal 357)
   defining Unicode char U+016E (decimal 366)
   defining Unicode char U+016F (decimal 367)
   defining Unicode char U+0170 (decimal 368)
   defining Unicode char U+0171 (decimal 369)
   defining Unicode char U+0178 (decimal 376)
   defining Unicode char U+0179 (decimal 377)
   defining Unicode char U+017A (decimal 378)
   defining Unicode char U+017B (decimal 379)
   defining Unicode char U+017C (decimal 380)
   defining Unicode char U+017D (decimal 381)
   defining Unicode char U+017E (decimal 382)
   defining Unicode char U+200C (decimal 8204)
   defining Unicode char U+2013 (decimal 8211)
   defining Unicode char U+2014 (decimal 8212)
   defining Unicode char U+2018 (decimal 8216)
   defining Unicode char U+2019 (decimal 8217)
   defining Unicode char U+201A (decimal 8218)
   defining Unicode char U+201C (decimal 8220)
   defining Unicode char U+201D (decimal 8221)
   defining Unicode char U+201E (decimal 8222)
   defining Unicode char U+2030 (decimal 8240)
   defining Unicode char U+2031 (decimal 8241)
   defining Unicode char U+2039 (decimal 8249)
   defining Unicode char U+203A (decimal 8250)
   defining Unicode char U+2423 (decimal 9251)
)
Now handling font encoding OT1 ...
... processing UTF-8 mapping file for font encoding OT1

("C:\Program Files\MiKTeX 2.9\tex\latex\base\ot1enc.dfu"
File: ot1enc.dfu 2008/04/05 v1.1m UTF-8 support for inputenc
   defining Unicode char U+00A1 (decimal 161)
   defining Unicode char U+00A3 (decimal 163)
   defining Unicode char U+00B8 (decimal 184)
   defining Unicode char U+00BF (decimal 191)
   defining Unicode char U+00C5 (decimal 197)
   defining Unicode char U+00C6 (decimal 198)
   defining Unicode char U+00D8 (decimal 216)
   defining Unicode char U+00DF (decimal 223)
   defining Unicode char U+00E6 (decimal 230)
   defining Unicode char U+00EC (decimal 236)
   defining Unicode char U+00ED (decimal 237)
   defining Unicode char U+00EE (decimal 238)
   defining Unicode char U+00EF (decimal 239)
   defining Unicode char U+00F8 (decimal 248)
   defining Unicode char U+0131 (decimal 305)
   defining Unicode char U+0141 (decimal 321)
   defining Unicode char U+0142 (decimal 322)
   defining Unicode char U+0152 (decimal 338)
   defining Unicode char U+0153 (decimal 339)
   defining Unicode char U+2013 (decimal 8211)
   defining Unicode char U+2014 (decimal 8212)
   defining Unicode char U+2018 (decimal 8216)
   defining Unicode char U+2019 (decimal 8217)
   defining Unicode char U+201C (decimal 8220)
   defining Unicode char U+201D (decimal 8221)
)
Now handling font encoding OMS ...
... processing UTF-8 mapping file for font encoding OMS

("C:\Program Files\MiKTeX 2.9\tex\latex\base\omsenc.dfu"
File: omsenc.dfu 2008/04/05 v1.1m UTF-8 support for inputenc
   defining Unicode char U+00A7 (decimal 167)
   defining Unicode char U+00B6 (decimal 182)
   defining Unicode char U+00B7 (decimal 183)
   defining Unicode char U+2020 (decimal 8224)
   defining Unicode char U+2021 (decimal 8225)
   defining Unicode char U+2022 (decimal 8226)
)
Now handling font encoding OMX ...
... no UTF-8 mapping file for font encoding OMX
Now handling font encoding U ...
... no UTF-8 mapping file for font encoding U
   defining Unicode char U+00A9 (decimal 169)
   defining Unicode char U+00AA (decimal 170)
   defining Unicode char U+00AE (decimal 174)
   defining Unicode char U+00BA (decimal 186)
   defining Unicode char U+02C6 (decimal 710)
   defining Unicode char U+02DC (decimal 732)
   defining Unicode char U+200C (decimal 8204)
   defining Unicode char U+2026 (decimal 8230)
   defining Unicode char U+2122 (decimal 8482)
   defining Unicode char U+2423 (decimal 9251)
))
("C:\Program Files\MiKTeX 2.9\tex\latex\base\fontenc.sty"
Package: fontenc 2005/09/27 v1.99g Standard LaTeX package

("C:\Program Files\MiKTeX 2.9\tex\latex\base\t1enc.def"
File: t1enc.def 2005/09/27 v1.99g Standard LaTeX file
LaTeX Font Info:    Redeclaring font encoding T1 on input line 43.
))
("C:\Program Files\MiKTeX 2.9\tex\latex\polski\polski.sty"
Package: polski 2008/02/24 v1.3.3 Polish language package

Document language package `polski' v1.3.3 <2008/02/24>
   Inputenc package detected. Catcodes not changed.
\l@nohyphenation=\language69
) ("C:\Program Files\MiKTeX 2.9\tex\latex\tools\afterpage.sty"
Package: afterpage 1995/10/27 v1.08 After-Page Package (DPC)
\AP@output=\toks20
\AP@partial=\box31
\AP@footins=\box32
)
("C:\LICENCJAT\Licencjat Latex\licencjat-main.tex"
("C:\Program Files\MiKTeX 2.9\tex\latex\base\makeidx.sty"
Package: makeidx 2000/03/29 v1.0m Standard LaTeX package
)
("C:\Program Files\MiKTeX 2.9\tex\latex\base\alltt.sty"
Package: alltt 1997/06/16 v2.0g defines alltt environment
)
("C:\Program Files\MiKTeX 2.9\tex\latex\hyperref\hyperref.sty"
Package: hyperref 2012/11/06 v6.83m Hypertext links for LaTeX

("C:\Program Files\MiKTeX 2.9\tex\generic\oberdiek\hobsub-hyperref.sty"
Package: hobsub-hyperref 2012/04/25 v1.12 Bundle oberdiek, subset hyperref (HO)


("C:\Program Files\MiKTeX 2.9\tex\generic\oberdiek\hobsub-generic.sty"
Package: hobsub-generic 2012/04/25 v1.12 Bundle oberdiek, subset generic (HO)
Package: hobsub 2012/04/25 v1.12 Construct package bundles (HO)
Package hobsub Info: Skipping package `infwarerr' (already loaded).
Package hobsub Info: Skipping package `ltxcmds' (already loaded).
Package: ifluatex 2010/03/01 v1.3 Provides the ifluatex switch (HO)
Package ifluatex Info: LuaTeX not detected.
Package: ifvtex 2010/03/01 v1.5 Detect VTeX and its facilities (HO)
Package ifvtex Info: VTeX not detected.
Package: intcalc 2007/09/27 v1.1 Expandable calculations with integers (HO)
Package: ifpdf 2011/01/30 v2.3 Provides the ifpdf switch (HO)
Package ifpdf Info: pdfTeX in PDF mode is detected.
Package: etexcmds 2011/02/16 v1.5 Avoid name clashes with e-TeX commands (HO)
Package etexcmds Info: Could not find \expanded.
(etexcmds)             That can mean that you are not using pdfTeX 1.50 or
(etexcmds)             that some package has redefined \expanded.
(etexcmds)             In the latter case, load this package earlier.
Package: kvsetkeys 2012/04/25 v1.16 Key value parser (HO)
Package: kvdefinekeys 2011/04/07 v1.3 Define keys (HO)
Package: pdftexcmds 2011/11/29 v0.20 Utility functions of pdfTeX for LuaTeX (HO
)
Package pdftexcmds Info: LuaTeX not detected.
Package pdftexcmds Info: \pdf@primitive is available.
Package pdftexcmds Info: \pdf@ifprimitive is available.
Package pdftexcmds Info: \pdfdraftmode found.
Package: pdfescape 2011/11/25 v1.13 Implements pdfTeX's escape features (HO)
Package: bigintcalc 2012/04/08 v1.3 Expandable calculations on big integers (HO
)
Package: bitset 2011/01/30 v1.1 Handle bit-vector datatype (HO)
Package: uniquecounter 2011/01/30 v1.2 Provide unlimited unique counter (HO)
)
Package hobsub Info: Skipping package `hobsub' (already loaded).
Package: letltxmacro 2010/09/02 v1.4 Let assignment for LaTeX macros (HO)
Package: hopatch 2011/06/24 v1.1 Wrapper for package hooks (HO)
Package: xcolor-patch 2011/01/30 xcolor patch
Package: atveryend 2011/06/30 v1.8 Hooks at the very end of document (HO)
Package atveryend Info: \AP@enddocument detected (standard20110627).
Package: atbegshi 2011/10/05 v1.16 At begin shipout hook (HO)
Package: refcount 2011/10/16 v3.4 Data extraction from label references (HO)
Package: hycolor 2011/01/30 v1.7 Color options for hyperref/bookmark (HO)
)
("C:\Program Files\MiKTeX 2.9\tex\generic\ifxetex\ifxetex.sty"
Package: ifxetex 2010/09/12 v0.6 Provides ifxetex conditional
)
("C:\Program Files\MiKTeX 2.9\tex\latex\oberdiek\auxhook.sty"
Package: auxhook 2011/03/04 v1.3 Hooks for auxiliary files (HO)
)
("C:\Program Files\MiKTeX 2.9\tex\latex\oberdiek\kvoptions.sty"
Package: kvoptions 2011/06/30 v3.11 Key value format for package options (HO)
)
\@linkdim=\dimen109
\Hy@linkcounter=\count98
\Hy@pagecounter=\count99

("C:\Program Files\MiKTeX 2.9\tex\latex\hyperref\pd1enc.def"
File: pd1enc.def 2012/11/06 v6.83m Hyperref: PDFDocEncoding definition (HO)
Now handling font encoding PD1 ...
... no UTF-8 mapping file for font encoding PD1
)
\Hy@SavedSpaceFactor=\count100

("C:\Program Files\MiKTeX 2.9\tex\latex\00miktex\hyperref.cfg"
File: hyperref.cfg 2002/06/06 v1.2 hyperref configuration of TeXLive
)
Package hyperref Info: Option `colorlinks' set `true' on input line 4319.
Package hyperref Info: Hyper figures OFF on input line 4443.
Package hyperref Info: Link nesting OFF on input line 4448.
Package hyperref Info: Hyper index ON on input line 4451.
Package hyperref Info: Plain pages OFF on input line 4458.
Package hyperref Info: Backreferencing OFF on input line 4463.
Package hyperref Info: Implicit mode ON; LaTeX internals redefined.
Package hyperref Info: Bookmarks ON on input line 4688.
\c@Hy@tempcnt=\count101

("C:\Program Files\MiKTeX 2.9\tex\latex\url\url.sty"
\Urlmuskip=\muskip10
Package: url 2013/09/16  ver 3.4  Verb mode for urls, etc.
)
LaTeX Info: Redefining \url on input line 5041.
\XeTeXLinkMargin=\dimen110
\Fld@menulength=\count102
\Field@Width=\dimen111
\Fld@charsize=\dimen112
Package hyperref Info: Hyper figures OFF on input line 6295.
Package hyperref Info: Link nesting OFF on input line 6300.
Package hyperref Info: Hyper index ON on input line 6303.
Package hyperref Info: backreferencing OFF on input line 6310.
Package hyperref Info: Link coloring ON on input line 6313.
Package hyperref Info: Link coloring with OCG OFF on input line 6320.
Package hyperref Info: PDF/A mode OFF on input line 6325.
LaTeX Info: Redefining \ref on input line 6365.
LaTeX Info: Redefining \pageref on input line 6369.
\Hy@abspage=\count103
\c@Item=\count104
\c@Hfootnote=\count105
)

Package hyperref Message: Driver (autodetected): hpdftex.

("C:\Program Files\MiKTeX 2.9\tex\latex\hyperref\hpdftex.def"
File: hpdftex.def 2012/11/06 v6.83m Hyperref driver for pdfTeX
\Fld@listcount=\count106
\c@bookmark@seq@number=\count107

("C:\Program Files\MiKTeX 2.9\tex\latex\oberdiek\rerunfilecheck.sty"
Package: rerunfilecheck 2011/04/15 v1.7 Rerun checks for auxiliary files (HO)
Package uniquecounter Info: New unique counter `rerunfilecheck' on input line 2
82.
)
\Hy@SectionHShift=\skip47
)
("C:\Program Files\MiKTeX 2.9\tex\latex\tocloft\tocloft.sty"
Package: tocloft 2013/05/02 v2.3f parameterised ToC, etc., typesetting
Package tocloft Info: The document has chapter divisions on input line 44.
\cftparskip=\skip48
\cftbeforetoctitleskip=\skip49
\cftaftertoctitleskip=\skip50
\cftbeforepartskip=\skip51
\cftpartnumwidth=\skip52
\cftpartindent=\skip53
\cftbeforechapskip=\skip54
\cftchapindent=\skip55
\cftchapnumwidth=\skip56
\cftbeforesecskip=\skip57
\cftsecindent=\skip58
\cftsecnumwidth=\skip59
\cftbeforesubsecskip=\skip60
\cftsubsecindent=\skip61
\cftsubsecnumwidth=\skip62
\cftbeforesubsubsecskip=\skip63
\cftsubsubsecindent=\skip64
\cftsubsubsecnumwidth=\skip65
\cftbeforeparaskip=\skip66
\cftparaindent=\skip67
\cftparanumwidth=\skip68
\cftbeforesubparaskip=\skip69
\cftsubparaindent=\skip70
\cftsubparanumwidth=\skip71
\cftbeforeloftitleskip=\skip72
\cftafterloftitleskip=\skip73
\cftbeforefigskip=\skip74
\cftfigindent=\skip75
\cftfignumwidth=\skip76
\c@lofdepth=\count108
\c@lotdepth=\count109
\cftbeforelottitleskip=\skip77
\cftafterlottitleskip=\skip78
\cftbeforetabskip=\skip79
\cfttabindent=\skip80
\cfttabnumwidth=\skip81
)
\@indexfile=\write3

Writing index file licencjat.idx
("C:\LICENCJAT\Licencjat Latex\licencjat.aux"

LaTeX Warning: Label `lamport94' multiply defined.


LaTeX Warning: Label `lamport94' multiply defined.


LaTeX Warning: Label `lamport94' multiply defined.


LaTeX Warning: Label `lamport94' multiply defined.


LaTeX Warning: Label `lamport94' multiply defined.


LaTeX Warning: Label `lamport94' multiply defined.


LaTeX Warning: Label `lamport94' multiply defined.


LaTeX Warning: Label `lamport94' multiply defined.


LaTeX Warning: Label `lamport94' multiply defined.


LaTeX Warning: Label `lamport94' multiply defined.


LaTeX Warning: Label `lamport94' multiply defined.


LaTeX Warning: Label `lamport94' multiply defined.


LaTeX Warning: Label `lamport94' multiply defined.

)
LaTeX Font Info:    Checking defaults for OML/cmm/m/it on input line 17.
LaTeX Font Info:    ... okay on input line 17.
LaTeX Font Info:    Checking defaults for T1/cmr/m/n on input line 17.
LaTeX Font Info:    ... okay on input line 17.
LaTeX Font Info:    Checking defaults for OT1/cmr/m/n on input line 17.
LaTeX Font Info:    ... okay on input line 17.
LaTeX Font Info:    Checking defaults for OMS/cmsy/m/n on input line 17.
LaTeX Font Info:    ... okay on input line 17.
LaTeX Font Info:    Checking defaults for OMX/cmex/m/n on input line 17.
LaTeX Font Info:    ... okay on input line 17.
LaTeX Font Info:    Checking defaults for U/cmr/m/n on input line 17.
LaTeX Font Info:    ... okay on input line 17.
LaTeX Font Info:    Checking defaults for PD1/pdf/m/n on input line 17.
LaTeX Font Info:    ... okay on input line 17.
 ("C:\Program Files\MiKTeX 2.9\tex\context\base\supp-pdf.mkii"
[Loading MPS to PDF converter (version 2006.09.02).]
\scratchcounter=\count110
\scratchdimen=\dimen113
\scratchbox=\box33
\nofMPsegments=\count111
\nofMParguments=\count112
\everyMPshowfont=\toks21
\MPscratchCnt=\count113
\MPscratchDim=\dimen114
\MPnumerator=\count114
\makeMPintoPDFobject=\count115
\everyMPtoPDFconversion=\toks22
)
\c@lstlisting=\count116
\AtBeginShipoutBox=\box34
 ("C:\Program Files\MiKTeX 2.9\tex\latex\graphics\color.sty"
Package: color 2005/11/14 v1.0j Standard LaTeX Color (DPC)

("C:\Program Files\MiKTeX 2.9\tex\latex\00miktex\color.cfg"
File: color.cfg 2007/01/18 v1.5 color configuration of teTeX/TeXLive
)
Package color Info: Driver file: pdftex.def on input line 130.
)
Package hyperref Info: Link coloring ON on input line 17.

("C:\Program Files\MiKTeX 2.9\tex\latex\hyperref\nameref.sty"
Package: nameref 2012/10/27 v2.43 Cross-referencing by name of section

("C:\Program Files\MiKTeX 2.9\tex\generic\oberdiek\gettitlestring.sty"
Package: gettitlestring 2010/12/03 v1.4 Cleanup title references (HO)
)
\c@section@level=\count117
)
LaTeX Info: Redefining \ref on input line 17.
LaTeX Info: Redefining \pageref on input line 17.
LaTeX Info: Redefining \nameref on input line 17.

("C:\LICENCJAT\Licencjat Latex\licencjat.out")
("C:\LICENCJAT\Licencjat Latex\licencjat.out")
\@outlinefile=\write4

Underfull \hbox (badness 10000) in paragraph at lines 31--34

 []


Underfull \hbox (badness 10000) in paragraph at lines 31--34

 []

LaTeX Font Info:    External font `cmex10' loaded for size
(Font)              <12> on input line 34.
LaTeX Font Info:    External font `cmex10' loaded for size
(Font)              <8> on input line 34.
LaTeX Font Info:    External font `cmex10' loaded for size
(Font)              <6> on input line 34.

Overfull \hbox (67.85457pt too wide) in paragraph at lines 40--56
$[]$ $[]$ 
 []

[1


{C:/ProgramData/MiKTeX/2.9/pdftex/config/pdftex.map}]
("C:\Program Files\MiKTeX 2.9\tex\latex\listings\lstlang1.sty"
File: lstlang1.sty 2013/08/26 1.5b listings language file
)
("C:\Program Files\MiKTeX 2.9\tex\latex\listings\lstlang1.sty"
File: lstlang1.sty 2013/08/26 1.5b listings language file
)
("C:\LICENCJAT\Licencjat Latex\licencjat.toc" [2])
\tf@toc=\write5
 [3]
LaTeX Font Info:    Try loading font information for OMS+cmr on input line 76.

("C:\Program Files\MiKTeX 2.9\tex\latex\base\omscmr.fd"
File: omscmr.fd 1999/05/25 v2.5h Standard LaTeX font definitions
)
LaTeX Font Info:    Font shape `OMS/cmr/m/n' in size <12> not available
(Font)              Font shape `OMS/cmsy/m/n' tried instead on input line 76.
 [4

] [5]
Rozdzia\PlPrIeC {\l } 1.
LaTeX Font Info:    External font `cmex10' loaded for size
(Font)              <7> on input line 110.
LaTeX Font Info:    External font `cmex10' loaded for size
(Font)              <5> on input line 110.

Underfull \vbox (badness 6542) has occurred while \output is active []

 [6

]
Underfull \hbox (badness 10000) in paragraph at lines 124--128

 []


Underfull \hbox (badness 10000) in paragraph at lines 139--142

 []

[7]
Underfull \hbox (badness 10000) in paragraph at lines 143--145

 []

LaTeX Font Info:    Try loading font information for T1+cmtt on input line 148.

("C:\Program Files\MiKTeX 2.9\tex\latex\base\t1cmtt.fd"
File: t1cmtt.fd 1999/05/25 v2.5h Standard LaTeX font definitions
) [8] [9]
Underfull \hbox (badness 10000) in paragraph at lines 211--213

 []

[10]
Overfull \hbox (41.177pt too wide) has occurred while \output is active
\T1/cmr/m/sl/12 1.3.  EMULACJA DEBIANA PRZEZNACZONEGO NA ARCHITEKTUR† ARM \T1/c
mr/m/n/12 11
 []

[11] [12]
Overfull \hbox (110.72964pt too wide) has occurred while \output is active
\T1/cmr/m/sl/12 1.5.  URUCHOMIENIE DYSTRYBUCJI LINUXA NA TELEFONIE Z SYSTEMEM A
NDROID \T1/cmr/m/n/12 13
 []

[13] [14] [15]
Underfull \hbox (badness 10000) in paragraph at lines 399--401

 []

[16]

! LaTeX Error: There's no line here to end.

See the LaTeX manual or LaTeX Companion for explanation.
Type  H <return>  for immediate help.
 ...                                              
                                                  
l.426 \newline
              
Your command was ignored.
Type  I <command> <return>  to replace it with another command,
or  <return>  to continue without it.


! LaTeX Error: There's no line here to end.

See the LaTeX manual or LaTeX Companion for explanation.
Type  H <return>  for immediate help.
 ...                                              
                                                  
l.427 \newline
              
Your command was ignored.
Type  I <command> <return>  to replace it with another command,
or  <return>  to continue without it.


Underfull \hbox (badness 10000) in paragraph at lines 435--437

 []

[17]

! LaTeX Error: There's no line here to end.

See the LaTeX manual or LaTeX Companion for explanation.
Type  H <return>  for immediate help.
 ...                                              
                                                  
l.471 \newline
              
Your command was ignored.
Type  I <command> <return>  to replace it with another command,
or  <return>  to continue without it.


! LaTeX Error: There's no line here to end.

See the LaTeX manual or LaTeX Companion for explanation.
Type  H <return>  for immediate help.
 ...                                              
                                                  
l.477 \newline
              
Your command was ignored.
Type  I <command> <return>  to replace it with another command,
or  <return>  to continue without it.


! LaTeX Error: There's no line here to end.

See the LaTeX manual or LaTeX Companion for explanation.
Type  H <return>  for immediate help.
 ...                                              
                                                  
l.483 \newline
              
Your command was ignored.
Type  I <command> <return>  to replace it with another command,
or  <return>  to continue without it.


! LaTeX Error: There's no line here to end.

See the LaTeX manual or LaTeX Companion for explanation.
Type  H <return>  for immediate help.
 ...                                              
                                                  
l.489 \newline
              
Your command was ignored.
Type  I <command> <return>  to replace it with another command,
or  <return>  to continue without it.

[18]

! LaTeX Error: There's no line here to end.

See the LaTeX manual or LaTeX Companion for explanation.
Type  H <return>  for immediate help.
 ...                                              
                                                  
l.495 \newline
              
Your command was ignored.
Type  I <command> <return>  to replace it with another command,
or  <return>  to continue without it.


! LaTeX Error: There's no line here to end.

See the LaTeX manual or LaTeX Companion for explanation.
Type  H <return>  for immediate help.
 ...                                              
                                                  
l.513 \newline
              
Your command was ignored.
Type  I <command> <return>  to replace it with another command,
or  <return>  to continue without it.


! LaTeX Error: There's no line here to end.

See the LaTeX manual or LaTeX Companion for explanation.
Type  H <return>  for immediate help.
 ...                                              
                                                  
l.520 \newline
              
Your command was ignored.
Type  I <command> <return>  to replace it with another command,
or  <return>  to continue without it.


! LaTeX Error: There's no line here to end.

See the LaTeX manual or LaTeX Companion for explanation.
Type  H <return>  for immediate help.
 ...                                              
                                                  
l.526 \newline
              
Your command was ignored.
Type  I <command> <return>  to replace it with another command,
or  <return>  to continue without it.


! LaTeX Error: There's no line here to end.

See the LaTeX manual or LaTeX Companion for explanation.
Type  H <return>  for immediate help.
 ...                                              
                                                  
l.535 \newline
              
Your command was ignored.
Type  I <command> <return>  to replace it with another command,
or  <return>  to continue without it.

[19]
Overfull \hbox (88.29988pt too wide) in paragraph at lines 555--555
[][][]\T1/cmr/m/n/10 http://linux.die.net/man/8/debootstrap, https://www.debian
.org/releases/stable/amd64/apds03.html.en| 
 []


! LaTeX Error: There's no line here to end.

See the LaTeX manual or LaTeX Companion for explanation.
Type  H <return>  for immediate help.
 ...                                              
                                                  
l.558 \newline
              
Your command was ignored.
Type  I <command> <return>  to replace it with another command,
or  <return>  to continue without it.


! LaTeX Error: There's no line here to end.

See the LaTeX manual or LaTeX Companion for explanation.
Type  H <return>  for immediate help.
 ...                                              
                                                  
l.564 \newline
              
Your command was ignored.
Type  I <command> <return>  to replace it with another command,
or  <return>  to continue without it.


! LaTeX Error: There's no line here to end.

See the LaTeX manual or LaTeX Companion for explanation.
Type  H <return>  for immediate help.
 ...                                              
                                                  
l.573 \newline
              
Your command was ignored.
Type  I <command> <return>  to replace it with another command,
or  <return>  to continue without it.

[20]

! LaTeX Error: There's no line here to end.

See the LaTeX manual or LaTeX Companion for explanation.
Type  H <return>  for immediate help.
 ...                                              
                                                  
l.616 \newline
              
Your command was ignored.
Type  I <command> <return>  to replace it with another command,
or  <return>  to continue without it.


! LaTeX Error: There's no line here to end.

See the LaTeX manual or LaTeX Companion for explanation.
Type  H <return>  for immediate help.
 ...                                              
                                                  
l.621 \newline
              
Your command was ignored.
Type  I <command> <return>  to replace it with another command,
or  <return>  to continue without it.

[21]

! LaTeX Error: There's no line here to end.

See the LaTeX manual or LaTeX Companion for explanation.
Type  H <return>  for immediate help.
 ...                                              
                                                  
l.660 \newline
              
Your command was ignored.
Type  I <command> <return>  to replace it with another command,
or  <return>  to continue without it.


! LaTeX Error: There's no line here to end.

See the LaTeX manual or LaTeX Companion for explanation.
Type  H <return>  for immediate help.
 ...                                              
                                                  
l.667 \newline
              
Your command was ignored.
Type  I <command> <return>  to replace it with another command,
or  <return>  to continue without it.


! LaTeX Error: There's no line here to end.

See the LaTeX manual or LaTeX Companion for explanation.
Type  H <return>  for immediate help.
 ...                                              
                                                  
l.674 \newline
              
Your command was ignored.
Type  I <command> <return>  to replace it with another command,
or  <return>  to continue without it.

[22] [23]

! LaTeX Error: There's no line here to end.

See the LaTeX manual or LaTeX Companion for explanation.
Type  H <return>  for immediate help.
 ...                                              
                                                  
l.717 \newline
              
Your command was ignored.
Type  I <command> <return>  to replace it with another command,
or  <return>  to continue without it.


! LaTeX Error: There's no line here to end.

See the LaTeX manual or LaTeX Companion for explanation.
Type  H <return>  for immediate help.
 ...                                              
                                                  
l.738 \newline
              
Your command was ignored.
Type  I <command> <return>  to replace it with another command,
or  <return>  to continue without it.


! LaTeX Error: There's no line here to end.

See the LaTeX manual or LaTeX Companion for explanation.
Type  H <return>  for immediate help.
 ...                                              
                                                  
l.745 \newline
              
Your command was ignored.
Type  I <command> <return>  to replace it with another command,
or  <return>  to continue without it.

[24] [25

]
Rozdzia\PlPrIeC {\l } 2.
[26] <sip_stos_proto.jpg, id=603, 940.51375pt x 551.05875pt>
File: sip_stos_proto.jpg Graphic file (type jpg)

<use sip_stos_proto.jpg>
Package pdftex.def Info: sip_stos_proto.jpg used on input line 785.
(pdftex.def)             Requested size: 272.99881pt x 159.95428pt.
 [27 <C:/LICENCJAT/Licencjat Latex/sip_stos_proto.jpg>] [28] <architektura.jpg,
 id=615, 748.7975pt x 647.41875pt>
File: architektura.jpg Graphic file (type jpg)

<use architektura.jpg>
Package pdftex.def Info: architektura.jpg used on input line 898.
(pdftex.def)             Requested size: 272.99881pt x 236.03421pt.
 [29] [30 <C:/LICENCJAT/Licencjat Latex/architektura.jpg>]
Overfull \hbox (37.83626pt too wide) has occurred while \output is active
\T1/cmr/m/sl/12 2.3.  IMPLEMENTACJE PROTOKOŠU SIP W SYSTEMIE LINUX - SERWERY \T
1/cmr/m/n/12 31
 []

[31] [32]
Overfull \hbox (37.83626pt too wide) has occurred while \output is active
\T1/cmr/m/sl/12 2.3.  IMPLEMENTACJE PROTOKOŠU SIP W SYSTEMIE LINUX - SERWERY \T
1/cmr/m/n/12 33
 []

[33] [34]
Overfull \hbox (53.49492pt too wide) has occurred while \output is active
\T1/cmr/m/sl/12 2.6.  IMPLEMENTACJE PROTOKOŠU SIP W SYSTEMIE ANDROID - KLIENTY 
\T1/cmr/m/n/12 35
 []

[35] <Screenshot_2015-09-21-11-11-11.png, id=682, 481.8pt x 803.0pt>
File: Screenshot_2015-09-21-11-11-11.png Graphic file (type png)

<use Screenshot_2015-09-21-11-11-11.png>
Package pdftex.def Info: Screenshot_2015-09-21-11-11-11.png used on input line 
1061.
(pdftex.def)             Requested size: 155.99762pt x 259.99168pt.

<Screenshot_2015-09-21-11-32-02.png, id=683, 481.8pt x 803.0pt>
File: Screenshot_2015-09-21-11-32-02.png Graphic file (type png)

<use Screenshot_2015-09-21-11-32-02.png>
Package pdftex.def Info: Screenshot_2015-09-21-11-32-02.png used on input line 
1075.
(pdftex.def)             Requested size: 155.99762pt x 259.99168pt.

Underfull \vbox (badness 10000) has occurred while \output is active []

 [36 <C:/LICENCJAT/Licencjat Latex/Screenshot_2015-09-21-11-11-11.png>]
Overfull \hbox (53.49492pt too wide) has occurred while \output is active
\T1/cmr/m/sl/12 2.6.  IMPLEMENTACJE PROTOKOŠU SIP W SYSTEMIE ANDROID - KLIENTY 
\T1/cmr/m/n/12 37
 []

[37 <C:/LICENCJAT/Licencjat Latex/Screenshot_2015-09-21-11-32-02.png>] [38]
[39

]
Rozdzia\PlPrIeC {\l } 3.
[40] [41]
Overfull \hbox (34.89618pt too wide) has occurred while \output is active
\T1/cmr/m/n/12 42 \T1/cmr/m/sl/12 ROZDZIAŠ 3.  PROJEKT INFORMATYCZNY ANDROIDLIN
UXSIPSERVICE
 []

[42] <androidstudio.png, id=737, 1926.19624pt x 1059.96pt>
File: androidstudio.png Graphic file (type png)

<use androidstudio.png>
Package pdftex.def Info: androidstudio.png used on input line 1152.
(pdftex.def)             Requested size: 390.0pt x 214.60837pt.
 <sdkmenager.png, id=739, 1021.8175pt x 695.59875pt>
File: sdkmenager.png Graphic file (type png)

<use sdkmenager.png>
Package pdftex.def Info: sdkmenager.png used on input line 1160.
(pdftex.def)             Requested size: 390.0pt x 265.4872pt.
 <widokprojektowy.png, id=740, 1926.19624pt x 1059.96pt>
File: widokprojektowy.png Graphic file (type png)

<use widokprojektowy.png>
Package pdftex.def Info: widokprojektowy.png used on input line 1167.
(pdftex.def)             Requested size: 390.0pt x 214.60837pt.
 [43 <C:/LICENCJAT/Licencjat Latex/androidstudio.png> <C:/LICENCJAT/Licencjat L
atex/sdkmenager.png>]
<uml1.png, id=750, 1045.9075pt x 716.6775pt>
File: uml1.png Graphic file (type png)
 <use uml1.png>
Package pdftex.def Info: uml1.png used on input line 1181.
(pdftex.def)             Requested size: 429.00238pt x 293.95998pt.

Overfull \hbox (39.00238pt too wide) in paragraph at lines 1181--1182
 [][] 
 []

<uml2.png, id=751, 774.895pt x 770.88pt>
File: uml2.png Graphic file (type png)
 <use uml2.png>
Package pdftex.def Info: uml2.png used on input line 1187.
(pdftex.def)             Requested size: 429.00238pt x 426.78484pt.

Overfull \hbox (39.00238pt too wide) in paragraph at lines 1187--1188
 [][] 
 []


Underfull \vbox (badness 10000) has occurred while \output is active []


Overfull \hbox (34.89618pt too wide) has occurred while \output is active
\T1/cmr/m/n/12 44 \T1/cmr/m/sl/12 ROZDZIAŠ 3.  PROJEKT INFORMATYCZNY ANDROIDLIN
UXSIPSERVICE
 []

[44 <C:/LICENCJAT/Licencjat Latex/widokprojektowy.png>]
<uml3.png, id=758, 1250.6725pt x 494.84875pt>
File: uml3.png Graphic file (type png)
 <use uml3.png>
Package pdftex.def Info: uml3.png used on input line 1193.
(pdftex.def)             Requested size: 429.00238pt x 169.7414pt.

Overfull \hbox (39.00238pt too wide) in paragraph at lines 1193--1194
 [][] 
 []


Underfull \vbox (badness 10000) has occurred while \output is active []

 [45 <C:/LICENCJAT/Licencjat Latex/uml1.png>]
Underfull \vbox (badness 10000) has occurred while \output is active []


Overfull \hbox (34.89618pt too wide) has occurred while \output is active
\T1/cmr/m/n/12 46 \T1/cmr/m/sl/12 ROZDZIAŠ 3.  PROJEKT INFORMATYCZNY ANDROIDLIN
UXSIPSERVICE
 []

[46 <C:/LICENCJAT/Licencjat Latex/uml2.png>] [47 <C:/LICENCJAT/Licencjat Latex/
uml3.png>] <Screenshot_2015-09-20-21-47-49.png, id=777, 481.8pt x 803.0pt>
File: Screenshot_2015-09-20-21-47-49.png Graphic file (type png)

<use Screenshot_2015-09-20-21-47-49.png>
Package pdftex.def Info: Screenshot_2015-09-20-21-47-49.png used on input line 
1205.
(pdftex.def)             Requested size: 195.0pt x 324.99268pt.

<Screenshot_2015-09-20-21-43-44.png, id=778, 481.8pt x 803.0pt>
File: Screenshot_2015-09-20-21-43-44.png Graphic file (type png)

<use Screenshot_2015-09-20-21-43-44.png>
Package pdftex.def Info: Screenshot_2015-09-20-21-43-44.png used on input line 
1216.
(pdftex.def)             Requested size: 195.0pt x 324.99268pt.

Underfull \vbox (badness 10000) has occurred while \output is active []


Overfull \hbox (34.89618pt too wide) has occurred while \output is active
\T1/cmr/m/n/12 48 \T1/cmr/m/sl/12 ROZDZIAŠ 3.  PROJEKT INFORMATYCZNY ANDROIDLIN
UXSIPSERVICE
 []

[48 <C:/LICENCJAT/Licencjat Latex/Screenshot_2015-09-20-21-47-49.png>] [49 <C:/
LICENCJAT/Licencjat Latex/Screenshot_2015-09-20-21-43-44.png>]
<Screenshot_2015-09-20-21-47-54.png, id=790, 481.8pt x 803.0pt>
File: Screenshot_2015-09-20-21-47-54.png Graphic file (type png)

<use Screenshot_2015-09-20-21-47-54.png>
Package pdftex.def Info: Screenshot_2015-09-20-21-47-54.png used on input line 
1233.
(pdftex.def)             Requested size: 195.0pt x 324.99268pt.

<Screenshot_2015-09-20-21-47-57.png, id=791, 481.8pt x 803.0pt>
File: Screenshot_2015-09-20-21-47-57.png Graphic file (type png)

<use Screenshot_2015-09-20-21-47-57.png>
Package pdftex.def Info: Screenshot_2015-09-20-21-47-57.png used on input line 
1242.
(pdftex.def)             Requested size: 155.99762pt x 259.99168pt.

<Screenshot_2015-09-20-21-49-48.png, id=792, 481.8pt x 803.0pt>
File: Screenshot_2015-09-20-21-49-48.png Graphic file (type png)

<use Screenshot_2015-09-20-21-49-48.png>
Package pdftex.def Info: Screenshot_2015-09-20-21-49-48.png used on input line 
1248.
(pdftex.def)             Requested size: 155.99762pt x 259.99168pt.

Overfull \hbox (34.89618pt too wide) has occurred while \output is active
\T1/cmr/m/n/12 50 \T1/cmr/m/sl/12 ROZDZIAŠ 3.  PROJEKT INFORMATYCZNY ANDROIDLIN
UXSIPSERVICE
 []

[50 <C:/LICENCJAT/Licencjat Latex/Screenshot_2015-09-20-21-47-54.png>]
Overfull \vbox (68.00714pt too high) has occurred while \output is active []


[51 <C:/LICENCJAT/Licencjat Latex/Screenshot_2015-09-20-21-47-57.png> <C:/LICEN
CJAT/Licencjat Latex/Screenshot_2015-09-20-21-49-48.png>]
<Screenshot_2015-09-20-21-49-55.png, id=804, 481.8pt x 803.0pt>
File: Screenshot_2015-09-20-21-49-55.png Graphic file (type png)

<use Screenshot_2015-09-20-21-49-55.png>
Package pdftex.def Info: Screenshot_2015-09-20-21-49-55.png used on input line 
1260.
(pdftex.def)             Requested size: 155.99762pt x 259.99168pt.

Overfull \hbox (34.89618pt too wide) has occurred while \output is active
\T1/cmr/m/n/12 52 \T1/cmr/m/sl/12 ROZDZIAŠ 3.  PROJEKT INFORMATYCZNY ANDROIDLIN
UXSIPSERVICE
 []

[52 <C:/LICENCJAT/Licencjat Latex/Screenshot_2015-09-20-21-49-55.png>]
<Screenshot_2015-09-21-11-12-13.png, id=810, 481.8pt x 803.0pt>
File: Screenshot_2015-09-21-11-12-13.png Graphic file (type png)

<use Screenshot_2015-09-21-11-12-13.png>
Package pdftex.def Info: Screenshot_2015-09-21-11-12-13.png used on input line 
1273.
(pdftex.def)             Requested size: 155.99762pt x 259.99168pt.

<sipweb.png, id=811, 1114.1625pt x 403.5075pt>
File: sipweb.png Graphic file (type png)
 <use sipweb.png>
Package pdftex.def Info: sipweb.png used on input line 1289.
(pdftex.def)             Requested size: 429.00238pt x 155.36626pt.

Overfull \hbox (39.00238pt too wide) in paragraph at lines 1289--1290
 [][] 
 []


Underfull \vbox (badness 10000) has occurred while \output is active []

 [53 <C:/LICENCJAT/Licencjat Latex/Screenshot_2015-09-21-11-12-13.png>]
Overfull \hbox (34.89618pt too wide) has occurred while \output is active
\T1/cmr/m/n/12 54 \T1/cmr/m/sl/12 ROZDZIAŠ 3.  PROJEKT INFORMATYCZNY ANDROIDLIN
UXSIPSERVICE
 []

[54 <C:/LICENCJAT/Licencjat Latex/sipweb.png>] [55


] [56] [57

]
("C:\LICENCJAT\Licencjat Latex\licencjat.lof")
\tf@lof=\write6


Package hyperref Warning: The anchor of a bookmark and its parent's must not
(hyperref)                be the same. Added a new anchor on input line 1310.

[58] [59

]
! Missing $ inserted.
<inserted text> 
                $
l.1327 	}
         
I've inserted a begin-math/end-math symbol since I think
you left one out. Proceed, with fingers crossed.

! Extra }, or forgotten $.
<recently read> \egroup 
                        
l.1327 	}
         
I've deleted a group-closing symbol because it seems to be
spurious, as in `$x}$'. But perhaps the } is legitimate and
you forgot something else, as in `\hbox{$x}'. In such cases
the way to recover is to insert both the forgotten and the
deleted material, e.g., by typing `I$}'.

! Missing $ inserted.
<inserted text> 
                $
l.1328 
       
I've inserted a begin-math/end-math symbol since I think
you left one out. Proceed, with fingers crossed.

! Missing } inserted.
<inserted text> 
                }
l.1328 
       
I've inserted something that you may have forgotten.
(See the <inserted text> above.)
With luck, this will get me unwedged. But if you
really didn't forget anything, try typing `2' now; then
my insertion and my current dilemma will both disappear.


Underfull \hbox (badness 10000) in paragraph at lines 1331--1332
[]\T1/cmr/m/it/12 http://androlinux.com/android-ubuntu-development/how-to-build
-chroot-
 []


Underfull \hbox (badness 10000) in paragraph at lines 1340--1341
[]\T1/cmr/m/it/12 http://ingvar.blog.redpill-linpro.com/2011/05/20/running-fedo
ra-on-the-
 []


Underfull \hbox (badness 10000) in paragraph at lines 1349--1350
[]\T1/cmr/m/it/12 http://www.cyberciti.biz/faq/unix-linux-chroot-command-exampl
es-
 []


Underfull \hbox (badness 10000) in paragraph at lines 1352--1353
[]\T1/cmr/m/it/12 https://www.kernel.org/doc/Documentation/filesystems/ramfs-ro
otfs-
 []

! Missing $ inserted.
<inserted text> 
                $
l.1359 ...h{http://linux.die.net/man/8/pivot_root}
                                                  
I've inserted a begin-math/end-math symbol since I think
you left one out. Proceed, with fingers crossed.

! Extra }, or forgotten $.
<recently read> \egroup 
                        
l.1359 ...h{http://linux.die.net/man/8/pivot_root}
                                                  
I've deleted a group-closing symbol because it seems to be
spurious, as in `$x}$'. But perhaps the } is legitimate and
you forgot something else, as in `\hbox{$x}'. In such cases
the way to recover is to insert both the forgotten and the
deleted material, e.g., by typing `I$}'.

! Missing $ inserted.
<inserted text> 
                $
l.1360 
       
I've inserted a begin-math/end-math symbol since I think
you left one out. Proceed, with fingers crossed.

! Missing } inserted.
<inserted text> 
                }
l.1360 
       
I've inserted something that you may have forgotten.
(See the <inserted text> above.)
With luck, this will get me unwedged. But if you
really didn't forget anything, try typing `2' now; then
my insertion and my current dilemma will both disappear.


Underfull \hbox (badness 10000) in paragraph at lines 1364--1365
[]\T1/cmr/m/it/12 http://students.mimuw.edu.pl/SO/Projekt04-05/temat4-
 []


Underfull \hbox (badness 10000) in paragraph at lines 1370--1371
[]\T1/cmr/m/it/12 http://www.g-loaded.eu/2008/01/28/how-to-extract-rpm-or-deb-
 []

Package atveryend Info: Empty hook `BeforeClearDocument' on input line 1374.
[60pdfTeX warning (ext4): destination with the same identifier (name{cite.lampo
rt94}) has been already used, duplicate ignored

\AtBegShi@Output ...ipout \box \AtBeginShipoutBox 
                                                  \fi \fi 
l.1374 \end{document}
                     pdfTeX warning (ext4): destination with the same identifie
r (name{cite.lamport94}) has been already used, duplicate ignored

\AtBegShi@Output ...ipout \box \AtBeginShipoutBox 
                                                  \fi \fi 
l.1374 \end{document}
                     pdfTeX warning (ext4): destination with the same identifie
r (name{cite.lamport94}) has been already used, duplicate ignored

\AtBegShi@Output ...ipout \box \AtBeginShipoutBox 
                                                  \fi \fi 
l.1374 \end{document}
                     pdfTeX warning (ext4): destination with the same identifie
r (name{cite.lamport94}) has been already used, duplicate ignored

\AtBegShi@Output ...ipout \box \AtBeginShipoutBox 
                                                  \fi \fi 
l.1374 \end{document}
                     pdfTeX warning (ext4): destination with the same identifie
r (name{cite.lamport94}) has been already used, duplicate ignored

\AtBegShi@Output ...ipout \box \AtBeginShipoutBox 
                                                  \fi \fi 
l.1374 \end{document}
                     pdfTeX warning (ext4): destination with the same identifie
r (name{cite.lamport94}) has been already used, duplicate ignored

\AtBegShi@Output ...ipout \box \AtBeginShipoutBox 
                                                  \fi \fi 
l.1374 \end{document}
                     pdfTeX warning (ext4): destination with the same identifie
r (name{cite.lamport94}) has been already used, duplicate ignored

\AtBegShi@Output ...ipout \box \AtBeginShipoutBox 
                                                  \fi \fi 
l.1374 \end{document}
                     pdfTeX warning (ext4): destination with the same identifie
r (name{cite.lamport94}) has been already used, duplicate ignored

\AtBegShi@Output ...ipout \box \AtBeginShipoutBox 
                                                  \fi \fi 
l.1374 \end{document}
                     pdfTeX warning (ext4): destination with the same identifie
r (name{cite.lamport94}) has been already used, duplicate ignored

\AtBegShi@Output ...ipout \box \AtBeginShipoutBox 
                                                  \fi \fi 
l.1374 \end{document}
                     pdfTeX warning (ext4): destination with the same identifie
r (name{cite.lamport94}) has been already used, duplicate ignored

\AtBegShi@Output ...ipout \box \AtBeginShipoutBox 
                                                  \fi \fi 
l.1374 \end{document}
                     pdfTeX warning (ext4): destination with the same identifie
r (name{cite.lamport94}) has been already used, duplicate ignored

\AtBegShi@Output ...ipout \box \AtBeginShipoutBox 
                                                  \fi \fi 
l.1374 \end{document}
                     pdfTeX warning (ext4): destination with the same identifie
r (name{cite.lamport94}) has been already used, duplicate ignored

\AtBegShi@Output ...ipout \box \AtBeginShipoutBox 
                                                  \fi \fi 
l.1374 \end{document}
                     pdfTeX warning (ext4): destination with the same identifie
r (name{cite.lamport94}) has been already used, duplicate ignored

\AtBegShi@Output ...ipout \box \AtBeginShipoutBox 
                                                  \fi \fi 
l.1374 \end{document}
                     ]
Package atveryend Info: Empty hook `AfterLastShipout' on input line 1374.
 ("C:\LICENCJAT\Licencjat Latex\licencjat.aux")
Package atveryend Info: Executing hook `AtVeryEndDocument' on input line 1374.
Package atveryend Info: Executing hook `AtEndAfterFileList' on input line 1374.

Package rerunfilecheck Info: File `licencjat.out' has not changed.
(rerunfilecheck)             Checksum: 93B77FB067F216E7EF8435AA6294C55C;3958.


LaTeX Warning: There were multiply-defined labels.

Package atveryend Info: Empty hook `AtVeryVeryEnd' on input line 1374.
 ) ) 
Here is how much of TeX's memory you used:
 8508 strings out of 493921
 119931 string characters out of 3147279
 290610 words of memory out of 3000000
 11297 multiletter control sequences out of 15000+200000
 18121 words of font info for 39 fonts, out of 3000000 for 9000
 841 hyphenation exceptions out of 8191
 34i,8n,49p,1566b,1788s stack positions out of 5000i,500n,10000p,200000b,50000s
{C:/Program Files/MiKTeX 2.9/fonts/enc/dvips/cm-super/cm-super-t1.enc}<C:/P
rogram Files/MiKTeX 2.9/fonts/type1/public/amsfonts/cm/cmmi12.pfb><C:/Program F
iles/MiKTeX 2.9/fonts/type1/public/amsfonts/cm/cmmi8.pfb><C:/Program Files/MiKT
eX 2.9/fonts/type1/public/amsfonts/cm/cmsy10.pfb><C:/Program Files/MiKTeX 2.9/f
onts/type1/public/cm-super/sfbx1200.pfb><C:/Program Files/MiKTeX 2.9/fonts/type
1/public/cm-super/sfbx1440.pfb><C:/Program Files/MiKTeX 2.9/fonts/type1/public/
cm-super/sfbx1728.pfb><C:/Program Files/MiKTeX 2.9/fonts/type1/public/cm-super/
sfbx2488.pfb><C:/Program Files/MiKTeX 2.9/fonts/type1/public/cm-super/sfrm0700.
pfb><C:/Program Files/MiKTeX 2.9/fonts/type1/public/cm-super/sfrm0800.pfb><C:/P
rogram Files/MiKTeX 2.9/fonts/type1/public/cm-super/sfrm1000.pfb><C:/Program Fi
les/MiKTeX 2.9/fonts/type1/public/cm-super/sfrm1200.pfb><C:/Program Files/MiKTe
X 2.9/fonts/type1/public/cm-super/sfrm1440.pfb><C:/Program Files/MiKTeX 2.9/fon
ts/type1/public/cm-super/sfrm2488.pfb><C:/Program Files/MiKTeX 2.9/fonts/type1/
public/cm-super/sfsl1200.pfb><C:/Program Files/MiKTeX 2.9/fonts/type1/public/cm
-super/sfti1095.pfb><C:/Program Files/MiKTeX 2.9/fonts/type1/public/cm-super/sf
ti1200.pfb><C:/Program Files/MiKTeX 2.9/fonts/type1/public/cm-super/sftt1200.pf
b>
Output written on licencjat.pdf (60 pages, 1718316 bytes).
PDF statistics:
 1006 PDF objects out of 1200 (max. 8388607)
 382 named destinations out of 1000 (max. 500000)
 507 words of extra memory for PDF output out of 10000 (max. 10000000)

